<?xml version="1.0" encoding="UTF-8" ?>
<testsuites name="vitest tests" tests="81" failures="0" errors="0" time="0.254863501">
    <testsuite name="src/tests/detect-eval-with-expression.test.ts" timestamp="2025-11-03T04:18:31.153Z" hostname="Snappy-Ofri-Peretz-DHH04HQPQW" tests="16" failures="0" errors="0" skipped="0" time="0.057150291">
        <testcase classname="src/tests/detect-eval-with-expression.test.ts" name="detect-eval-with-expression &gt; Valid Code &gt; valid - no eval calls &gt; valid &gt; const x = Math.eval();" time="0.026845542">
        </testcase>
        <testcase classname="src/tests/detect-eval-with-expression.test.ts" name="detect-eval-with-expression &gt; Valid Code &gt; valid - no eval calls &gt; valid &gt; const obj = { eval: () =&gt; {} }; obj.eval(&quot;code&quot;);" time="0.00338825">
        </testcase>
        <testcase classname="src/tests/detect-eval-with-expression.test.ts" name="detect-eval-with-expression &gt; Valid Code &gt; valid - no eval calls &gt; valid &gt; function myFunction(data) { return data; }" time="0.002455917">
        </testcase>
        <testcase classname="src/tests/detect-eval-with-expression.test.ts" name="detect-eval-with-expression &gt; Valid Code &gt; valid - no eval calls &gt; valid &gt; const result = calculateValue();" time="0.002927958">
        </testcase>
        <testcase classname="src/tests/detect-eval-with-expression.test.ts" name="detect-eval-with-expression &gt; Dangerous eval() Calls &gt; invalid - eval with expressions &gt; invalid &gt; eval(userInput);" time="0.002725041">
        </testcase>
        <testcase classname="src/tests/detect-eval-with-expression.test.ts" name="detect-eval-with-expression &gt; Dangerous eval() Calls &gt; invalid - eval with expressions &gt; invalid &gt; eval(`code: ${value}`);" time="0.001910167">
        </testcase>
        <testcase classname="src/tests/detect-eval-with-expression.test.ts" name="detect-eval-with-expression &gt; Dangerous eval() Calls &gt; invalid - eval with expressions &gt; invalid &gt; const result = eval(expression);" time="0.001091042">
        </testcase>
        <testcase classname="src/tests/detect-eval-with-expression.test.ts" name="detect-eval-with-expression &gt; Dangerous eval() Calls &gt; invalid - eval with expressions &gt; invalid &gt; 
            function process(code) {
              return eval(code);
            }
          " time="0.001979125">
        </testcase>
        <testcase classname="src/tests/detect-eval-with-expression.test.ts" name="detect-eval-with-expression &gt; eval() in Different Contexts &gt; invalid - eval in various contexts &gt; invalid &gt; const runner = (code) =&gt; eval(code);" time="0.001155708">
        </testcase>
        <testcase classname="src/tests/detect-eval-with-expression.test.ts" name="detect-eval-with-expression &gt; eval() in Different Contexts &gt; invalid - eval in various contexts &gt; invalid &gt; 
            if (condition) {
              eval(code);
            }
          " time="0.001256583">
        </testcase>
        <testcase classname="src/tests/detect-eval-with-expression.test.ts" name="detect-eval-with-expression &gt; eval() in Different Contexts &gt; invalid - eval in various contexts &gt; invalid &gt; 
            try {
              eval(code);
            } catch (e) {
              console.error(e);
            }
          " time="0.003016083">
        </testcase>
        <testcase classname="src/tests/detect-eval-with-expression.test.ts" name="detect-eval-with-expression &gt; Multiple eval() Calls &gt; invalid - multiple evals &gt; invalid &gt; 
            eval(code1);
            eval(code2);
          " time="0.002960333">
        </testcase>
        <testcase classname="src/tests/detect-eval-with-expression.test.ts" name="detect-eval-with-expression &gt; eval() with Complex Expressions &gt; invalid - complex expressions &gt; invalid &gt; eval(a || b);" time="0.001313875">
        </testcase>
        <testcase classname="src/tests/detect-eval-with-expression.test.ts" name="detect-eval-with-expression &gt; eval() with Complex Expressions &gt; invalid - complex expressions &gt; invalid &gt; 
            const code = getCode();
            eval(code);
          " time="0.001092541">
        </testcase>
        <testcase classname="src/tests/detect-eval-with-expression.test.ts" name="detect-eval-with-expression &gt; Edge Cases &gt; edge cases &gt; valid &gt; const evalString = &quot;eval(code)&quot;; console.log(evalString);" time="0.00102175">
        </testcase>
        <testcase classname="src/tests/detect-eval-with-expression.test.ts" name="detect-eval-with-expression &gt; Edge Cases &gt; edge cases &gt; invalid &gt; (eval)(code);" time="0.000956625">
        </testcase>
    </testsuite>
    <testsuite name="src/tests/no-circular-dependencies.test.ts" timestamp="2025-11-03T04:18:31.155Z" hostname="Snappy-Ofri-Peretz-DHH04HQPQW" tests="3" failures="0" errors="0" skipped="0" time="0.034729084">
        <testcase classname="src/tests/no-circular-dependencies.test.ts" name="no-circular-dependencies &gt; no-circular-dependencies &gt; valid &gt; 
          import { utils } from &apos;./utils&apos;;
          export const result = utils.process();
        " time="0.028021292">
        </testcase>
        <testcase classname="src/tests/no-circular-dependencies.test.ts" name="no-circular-dependencies &gt; no-circular-dependencies &gt; valid &gt; 
          import { Component } from &apos;./Component&apos;;
          describe(&apos;Component&apos;, () =&gt; {});
        " time="0.002858708">
        </testcase>
        <testcase classname="src/tests/no-circular-dependencies.test.ts" name="no-circular-dependencies &gt; no-circular-dependencies &gt; valid &gt; 
          const module = await import(&apos;./dynamic-module&apos;);
        " time="0.003039583">
        </testcase>
    </testsuite>
    <testsuite name="src/tests/no-console-log.test.ts" timestamp="2025-11-03T04:18:31.155Z" hostname="Snappy-Ofri-Peretz-DHH04HQPQW" tests="21" failures="0" errors="0" skipped="0" time="0.079333709">
        <testcase classname="src/tests/no-console-log.test.ts" name="no-console-log &gt; Basic Functionality &gt; basic detection &gt; valid &gt; const logger = console;" time="0.027022292">
        </testcase>
        <testcase classname="src/tests/no-console-log.test.ts" name="no-console-log &gt; Basic Functionality &gt; basic detection &gt; valid &gt; console.error(&quot;error message&quot;);" time="0.002442875">
        </testcase>
        <testcase classname="src/tests/no-console-log.test.ts" name="no-console-log &gt; Basic Functionality &gt; basic detection &gt; valid &gt; console.warn(&quot;warning message&quot;);" time="0.003720666">
        </testcase>
        <testcase classname="src/tests/no-console-log.test.ts" name="no-console-log &gt; Basic Functionality &gt; basic detection &gt; valid &gt; console.info(&quot;info message&quot;);" time="0.001296041">
        </testcase>
        <testcase classname="src/tests/no-console-log.test.ts" name="no-console-log &gt; Basic Functionality &gt; basic detection &gt; valid &gt; function test() { return true; }" time="0.001735125">
        </testcase>
        <testcase classname="src/tests/no-console-log.test.ts" name="no-console-log &gt; Basic Functionality &gt; basic detection &gt; invalid &gt; console.log(&quot;test&quot;);" time="0.003154625">
        </testcase>
        <testcase classname="src/tests/no-console-log.test.ts" name="no-console-log &gt; Basic Functionality &gt; basic detection &gt; invalid &gt; console.log(&quot;debug&quot;, data);" time="0.001727292">
        </testcase>
        <testcase classname="src/tests/no-console-log.test.ts" name="no-console-log &gt; Basic Functionality &gt; basic detection &gt; invalid &gt; 
            function debug() {
              console.log(&quot;debugging&quot;);
            }
          " time="0.002335875">
        </testcase>
        <testcase classname="src/tests/no-console-log.test.ts" name="no-console-log &gt; Strategy: remove &gt; remove strategy &gt; invalid &gt; console.log(&quot;test&quot;);" time="0.002210583">
        </testcase>
        <testcase classname="src/tests/no-console-log.test.ts" name="no-console-log &gt; Strategy: remove &gt; remove strategy &gt; invalid &gt; 
function test() {
  console.log(&quot;debug&quot;);
  return true;
}" time="0.004514667">
        </testcase>
        <testcase classname="src/tests/no-console-log.test.ts" name="no-console-log &gt; Strategy: convert &gt; convert strategy &gt; invalid &gt; console.log(&quot;test&quot;);" time="0.002316291">
        </testcase>
        <testcase classname="src/tests/no-console-log.test.ts" name="no-console-log &gt; Strategy: convert &gt; convert strategy &gt; invalid &gt; console.log(&quot;test&quot;, data);" time="0.002215708">
        </testcase>
        <testcase classname="src/tests/no-console-log.test.ts" name="no-console-log &gt; Strategy: comment &gt; comment strategy &gt; invalid &gt; console.log(&quot;test&quot;);" time="0.003223">
        </testcase>
        <testcase classname="src/tests/no-console-log.test.ts" name="no-console-log &gt; Strategy: warn &gt; warn strategy &gt; invalid &gt; console.log(&quot;test&quot;);" time="0.002034083">
        </testcase>
        <testcase classname="src/tests/no-console-log.test.ts" name="no-console-log &gt; ignorePaths Option &gt; ignore paths &gt; valid &gt; console.log(&quot;test&quot;);" time="0.001748334">
        </testcase>
        <testcase classname="src/tests/no-console-log.test.ts" name="no-console-log &gt; ignorePaths Option &gt; ignore paths &gt; valid &gt; console.log(&quot;test&quot;);" time="0.003321916">
        </testcase>
        <testcase classname="src/tests/no-console-log.test.ts" name="no-console-log &gt; ignorePaths Option &gt; ignore paths &gt; valid &gt; console.log(&quot;test&quot;);" time="0.001271458">
        </testcase>
        <testcase classname="src/tests/no-console-log.test.ts" name="no-console-log &gt; ignorePaths Option &gt; ignore paths &gt; invalid &gt; console.log(&quot;test&quot;);" time="0.001625875">
        </testcase>
        <testcase classname="src/tests/no-console-log.test.ts" name="no-console-log &gt; maxOccurrences Option &gt; max occurrences limit &gt; invalid &gt; 
console.log(&quot;first&quot;);
console.log(&quot;second&quot;);
console.log(&quot;third&quot;);
console.log(&quot;fourth&quot;);" time="0.005273041">
        </testcase>
        <testcase classname="src/tests/no-console-log.test.ts" name="no-console-log &gt; Custom Logger Names &gt; custom logger &gt; invalid &gt; console.log(&quot;test&quot;);" time="0.003003959">
        </testcase>
        <testcase classname="src/tests/no-console-log.test.ts" name="no-console-log &gt; Custom Logger Names &gt; custom logger &gt; invalid &gt; console.log(&quot;test&quot;);" time="0.001929792">
        </testcase>
    </testsuite>
    <testsuite name="src/tests/no-internal-modules.test.ts" timestamp="2025-11-03T04:18:31.156Z" hostname="Snappy-Ofri-Peretz-DHH04HQPQW" tests="41" failures="0" errors="0" skipped="0" time="0.083650417">
        <testcase classname="src/tests/no-internal-modules.test.ts" name="no-internal-modules &gt; Basic Detection &gt; detect deep imports &gt; valid &gt; import lodash from &apos;lodash&apos;;" time="0.02431425">
        </testcase>
        <testcase classname="src/tests/no-internal-modules.test.ts" name="no-internal-modules &gt; Basic Detection &gt; detect deep imports &gt; valid &gt; import { useState } from &apos;react&apos;;" time="0.001747916">
        </testcase>
        <testcase classname="src/tests/no-internal-modules.test.ts" name="no-internal-modules &gt; Basic Detection &gt; detect deep imports &gt; valid &gt; import &apos;@company/design-system&apos;;" time="0.0009385">
        </testcase>
        <testcase classname="src/tests/no-internal-modules.test.ts" name="no-internal-modules &gt; Basic Detection &gt; detect deep imports &gt; valid &gt; import something from &apos;./index&apos;;" time="0.00174625">
        </testcase>
        <testcase classname="src/tests/no-internal-modules.test.ts" name="no-internal-modules &gt; Basic Detection &gt; detect deep imports &gt; invalid &gt; import get from &apos;lodash/get&apos;;" time="0.001976166">
        </testcase>
        <testcase classname="src/tests/no-internal-modules.test.ts" name="no-internal-modules &gt; Basic Detection &gt; detect deep imports &gt; invalid &gt; import { Button } from &apos;@company/ui/components/Button&apos;;" time="0.001458666">
        </testcase>
        <testcase classname="src/tests/no-internal-modules.test.ts" name="no-internal-modules &gt; Basic Detection &gt; detect deep imports &gt; invalid &gt; import utils from &apos;./utils/helpers&apos;;" time="0.001167458">
        </testcase>
        <testcase classname="src/tests/no-internal-modules.test.ts" name="no-internal-modules &gt; Strategy: error &gt; error strategy &gt; invalid &gt; import get from &apos;lodash/get&apos;;" time="0.000956">
        </testcase>
        <testcase classname="src/tests/no-internal-modules.test.ts" name="no-internal-modules &gt; Strategy: autofix &gt; autofix strategy &gt; invalid &gt; import get from &apos;lodash/get&apos;;" time="0.002477791">
        </testcase>
        <testcase classname="src/tests/no-internal-modules.test.ts" name="no-internal-modules &gt; Strategy: autofix &gt; autofix strategy &gt; invalid &gt; import { Button } from &apos;@company/ui/components/Button&apos;;" time="0.00271775">
        </testcase>
        <testcase classname="src/tests/no-internal-modules.test.ts" name="no-internal-modules &gt; Strategy: autofix &gt; autofix strategy &gt; invalid &gt; import utils from &apos;./utils/helpers/format&apos;;" time="0.003767125">
        </testcase>
        <testcase classname="src/tests/no-internal-modules.test.ts" name="no-internal-modules &gt; Strategy: suggest &gt; suggest strategy &gt; invalid &gt; import get from &apos;lodash/get&apos;;" time="0.001648709">
        </testcase>
        <testcase classname="src/tests/no-internal-modules.test.ts" name="no-internal-modules &gt; Strategy: suggest &gt; suggest strategy &gt; invalid &gt; import { util } from &apos;./utils/helpers/format&apos;;" time="0.001916667">
        </testcase>
        <testcase classname="src/tests/no-internal-modules.test.ts" name="no-internal-modules &gt; maxDepth Option &gt; max depth control &gt; valid &gt; import { Button } from &apos;@company/ui/components&apos;;" time="0.002215375">
        </testcase>
        <testcase classname="src/tests/no-internal-modules.test.ts" name="no-internal-modules &gt; maxDepth Option &gt; max depth control &gt; valid &gt; import get from &apos;lodash/get&apos;;" time="0.001217667">
        </testcase>
        <testcase classname="src/tests/no-internal-modules.test.ts" name="no-internal-modules &gt; maxDepth Option &gt; max depth control &gt; valid &gt; import utils from &apos;./utils/helpers&apos;;" time="0.001060917">
        </testcase>
        <testcase classname="src/tests/no-internal-modules.test.ts" name="no-internal-modules &gt; maxDepth Option &gt; max depth control &gt; invalid &gt; import get from &apos;lodash/get&apos;;" time="0.000864584">
        </testcase>
        <testcase classname="src/tests/no-internal-modules.test.ts" name="no-internal-modules &gt; maxDepth Option &gt; max depth control &gt; invalid &gt; import { Button } from &apos;@company/ui/components/Button&apos;;" time="0.000960416">
        </testcase>
        <testcase classname="src/tests/no-internal-modules.test.ts" name="no-internal-modules &gt; maxDepth Option &gt; max depth control &gt; invalid &gt; import utils from &apos;./utils/helpers/format&apos;;" time="0.000881708">
        </testcase>
        <testcase classname="src/tests/no-internal-modules.test.ts" name="no-internal-modules &gt; allow Option &gt; allow patterns &gt; valid &gt; import get from &apos;lodash/get&apos;;" time="0.001732166">
        </testcase>
        <testcase classname="src/tests/no-internal-modules.test.ts" name="no-internal-modules &gt; allow Option &gt; allow patterns &gt; valid &gt; import { Button } from &apos;@company/ui/components/Button&apos;;" time="0.002122167">
        </testcase>
        <testcase classname="src/tests/no-internal-modules.test.ts" name="no-internal-modules &gt; allow Option &gt; allow patterns &gt; valid &gt; import utils from &apos;./utils/helpers&apos;;" time="0.001111417">
        </testcase>
        <testcase classname="src/tests/no-internal-modules.test.ts" name="no-internal-modules &gt; allow Option &gt; allow patterns &gt; invalid &gt; import isEmpty from &apos;lodash/isEmpty&apos;;" time="0.001066208">
        </testcase>
        <testcase classname="src/tests/no-internal-modules.test.ts" name="no-internal-modules &gt; forbid Option &gt; forbid patterns &gt; invalid &gt; import get from &apos;lodash/get&apos;;" time="0.000949875">
        </testcase>
        <testcase classname="src/tests/no-internal-modules.test.ts" name="no-internal-modules &gt; forbid Option &gt; forbid patterns &gt; invalid &gt; import { Button } from &apos;@company/ui/internal/Button&apos;;" time="0.000842542">
        </testcase>
        <testcase classname="src/tests/no-internal-modules.test.ts" name="no-internal-modules &gt; ignorePaths Option &gt; ignore patterns &gt; valid &gt; import get from &apos;lodash/get&apos;;" time="0.000795292">
        </testcase>
        <testcase classname="src/tests/no-internal-modules.test.ts" name="no-internal-modules &gt; ignorePaths Option &gt; ignore patterns &gt; valid &gt; import { Button } from &apos;@company/ui/components/Button&apos;;" time="0.000759667">
        </testcase>
        <testcase classname="src/tests/no-internal-modules.test.ts" name="no-internal-modules &gt; ignorePaths Option &gt; ignore patterns &gt; valid &gt; import utils from &apos;./test/utils&apos;;" time="0.001222625">
        </testcase>
        <testcase classname="src/tests/no-internal-modules.test.ts" name="no-internal-modules &gt; ignorePaths Option &gt; ignore patterns &gt; invalid &gt; import get from &apos;lodash/get&apos;;" time="0.001025167">
        </testcase>
        <testcase classname="src/tests/no-internal-modules.test.ts" name="no-internal-modules &gt; Scoped Packages &gt; scoped package handling &gt; valid &gt; import { useState } from &apos;@org/package&apos;;" time="0.000843416">
        </testcase>
        <testcase classname="src/tests/no-internal-modules.test.ts" name="no-internal-modules &gt; Scoped Packages &gt; scoped package handling &gt; invalid &gt; import { Button } from &apos;@org/package/components&apos;;" time="0.0007895">
        </testcase>
        <testcase classname="src/tests/no-internal-modules.test.ts" name="no-internal-modules &gt; Scoped Packages &gt; scoped package handling &gt; invalid &gt; import { util } from &apos;@org/package/utils/helpers&apos;;" time="0.000821167">
        </testcase>
        <testcase classname="src/tests/no-internal-modules.test.ts" name="no-internal-modules &gt; Relative Imports &gt; relative import handling &gt; valid &gt; import utils from &apos;./utils&apos;;" time="0.000712375">
        </testcase>
        <testcase classname="src/tests/no-internal-modules.test.ts" name="no-internal-modules &gt; Relative Imports &gt; relative import handling &gt; valid &gt; import config from &apos;../config&apos;;" time="0.000683458">
        </testcase>
        <testcase classname="src/tests/no-internal-modules.test.ts" name="no-internal-modules &gt; Relative Imports &gt; relative import handling &gt; invalid &gt; import helper from &apos;./utils/helpers&apos;;" time="0.001233041">
        </testcase>
        <testcase classname="src/tests/no-internal-modules.test.ts" name="no-internal-modules &gt; Relative Imports &gt; relative import handling &gt; invalid &gt; import format from &apos;../utils/helpers/format&apos;;" time="0.001225208">
        </testcase>
        <testcase classname="src/tests/no-internal-modules.test.ts" name="no-internal-modules &gt; Export Statements &gt; export declaration handling &gt; valid &gt; export { Button } from &apos;@company/ui&apos;;" time="0.001383875">
        </testcase>
        <testcase classname="src/tests/no-internal-modules.test.ts" name="no-internal-modules &gt; Export Statements &gt; export declaration handling &gt; invalid &gt; export { Button } from &apos;@company/ui/components/Button&apos;;" time="0.000843417">
        </testcase>
        <testcase classname="src/tests/no-internal-modules.test.ts" name="no-internal-modules &gt; Export Statements &gt; export declaration handling &gt; invalid &gt; export { get } from &apos;lodash/get&apos;;" time="0.003478542">
        </testcase>
        <testcase classname="src/tests/no-internal-modules.test.ts" name="no-internal-modules &gt; Complex Scenarios &gt; complex patterns &gt; valid &gt; import { Button } from &apos;@company/ui/internal/Button&apos;;" time="0.001027083">
        </testcase>
        <testcase classname="src/tests/no-internal-modules.test.ts" name="no-internal-modules &gt; Complex Scenarios &gt; complex patterns &gt; invalid &gt; 
import get from &apos;lodash/get&apos;;
import isEmpty from &apos;lodash/isEmpty&apos;;
import { Button } from &apos;@company/ui/components/Button&apos;;
          " time="0.003574667">
        </testcase>
    </testsuite>
</testsuites>
